<?xml version="1.0" encoding="UTF-8"?>
<!-- Generated by org.testng.reporters.JUnitReportReporter -->
<testsuite hostname="DESKTOP-RSIC4LV" failures="0" tests="1" name="com.test.DemoB" time="6.768" errors="0" timestamp="2022-02-28T22:51:00 IST" skipped="0">
  <testcase classname="com.test.DemoB" name="run" time="6.768"/>
  <system-out>
    <![CDATA[the brower is opened now
the brower is maximized
the google website is opened
the data "Bye" is entered]]>
  </system-out>
</testsuite> <!-- com.test.DemoB -->
